============================= test session starts =============================
platform win32 -- Python 3.13.7, pytest-9.0.2, pluggy-1.6.0 -- C:\Python313\python.exe
cachedir: .pytest_cache
rootdir: C:\Users\ericl\Documents\Projects\vacuum_physics\engineering\formulas
plugins: anyio-4.11.0
collecting ... collected 59 items

test_core.py::test_dimensional_solution_exists PASSED                    [  1%]
test_core.py::test_dimensional_solution_values PASSED                    [  3%]
test_core.py::test_dimensional_determinant_nonzero PASSED                [  5%]
test_core.py::test_dimensional_matches_expected PASSED                   [  6%]
test_core.py::test_cell_vacuum_two_routes_match PASSED                   [  8%]
test_core.py::test_cell_vacuum_route1 PASSED                             [ 10%]
test_core.py::test_cell_vacuum_route2 PASSED                             [ 11%]
test_core.py::test_neutrino_mass_gives_correct_density PASSED            [ 13%]
test_core.py::test_neutrino_mass_ratio_to_observation PASSED             [ 15%]
test_core.py::test_mode_vacuum_massless_closed_form PASSED               [ 16%]
test_core.py::test_mode_vacuum_massless_integral_matches_closed PASSED   [ 18%]
test_core.py::test_mode_vacuum_integral_convergence PASSED               [ 20%]
test_core.py::test_mode_vacuum_massive_runs PASSED                       [ 22%]
test_core.py::test_mode_vacuum_massive_correction_factor PASSED          [ 23%]
test_core.py::test_16pi2_factor_massless PASSED                          [ 25%]
test_core.py::test_16pi2_numerical_value PASSED                          [ 27%]
test_core.py::test_16pi2_massive_correction PASSED                       [ 28%]
test_core.py::test_16pi2_compton_cutoff PASSED                           [ 30%]
test_core.py::test_Cd_dimension_1 PASSED                                 [ 32%]
test_core.py::test_Cd_dimension_2 PASSED                                 [ 33%]
test_core.py::test_Cd_dimension_3 PASSED                                 [ 35%]
test_core.py::test_Cd_dimension_dependent PASSED                         [ 37%]
test_core.py::test_Cd_all_verified PASSED                                [ 38%]
test_core.py::test_orthogonality_single_cell PASSED                      [ 40%]
test_core.py::test_orthogonality_N_cells PASSED                          [ 42%]
test_core.py::test_orthogonality_exponential_decay PASSED                [ 44%]
test_core.py::test_orthogonality_threshold PASSED                        [ 45%]
test_core.py::test_orthogonality_formula_match PASSED                    [ 47%]
test_core.py::test_neutrino_m1_extraction PASSED                         [ 49%]
test_core.py::test_neutrino_m1_value PASSED                              [ 50%]
test_core.py::test_neutrino_m2_from_oscillation PASSED                   [ 52%]
test_core.py::test_neutrino_m3_from_oscillation PASSED                   [ 54%]
test_core.py::test_neutrino_sum_bound PASSED                             [ 55%]
test_core.py::test_neutrino_sum_value PASSED                             [ 57%]
test_core.py::test_coherent_energy_formula PASSED                        [ 59%]
test_core.py::test_coherent_energy_equals_mc2 PASSED                     [ 61%]
test_core.py::test_coherent_energy_split PASSED                          [ 62%]
test_core.py::test_minimum_uncertainty_bound PASSED                      [ 64%]
test_core.py::test_minimum_uncertainty_value PASSED                      [ 66%]
test_core.py::test_number_state_n1_factor PASSED                         [ 67%]
test_core.py::test_number_state_n0_factor PASSED                         [ 69%]
test_core.py::test_number_state_rules_out PASSED                         [ 71%]
test_core.py::test_discrepancy_exponent_range PASSED                     [ 72%]
test_core.py::test_discrepancy_approximate_123 PASSED                    [ 74%]
test_core.py::test_discrepancy_mode_vacuum_huge PASSED                   [ 76%]
test_core.py::test_legendre_self_dual PASSED                             [ 77%]
test_core.py::test_gaussian_fourier_self_dual PASSED                     [ 79%]
test_core.py::test_coherent_equipartition PASSED                         [ 81%]
test_core.py::test_sensitivity_fourth_root_scaling PASSED                [ 83%]
test_core.py::test_sensitivity_scaling_ratio PASSED                      [ 84%]
test_core.py::test_sensitivity_reduced_uncertainty PASSED                [ 86%]
test_core.py::test_all_verifications_pass PASSED                         [ 88%]
test_core.py::test_verification_result_structure PASSED                  [ 89%]
test_core.py::test_verification_count PASSED                             [ 91%]
test_core.py::test_constants_codata_2018 PASSED                          [ 93%]
test_core.py::test_planck_length_value PASSED                            [ 94%]
test_core.py::test_ev_conversion PASSED                                  [ 96%]
test_core.py::test_observed_density_positive PASSED                      [ 98%]
test_core.py::test_oscillation_data_positive PASSED                      [100%]

============================= 59 passed in 2.40s ==============================
